<?xml version="1.0" encoding="UTF-8"?>
<testsuite xmlns:xsi="http://www.w3.org/2001/XMLSchema-instance" xsi:noNamespaceSchemaLocation="https://maven.apache.org/surefire/maven-failsafe-plugin/xsd/failsafe-test-report.xsd" name="it.io.openliberty.guides.rest.EndpointIT" time="0.419" tests="1" errors="0" skipped="0" failures="1">
  <properties>
[...]
</properties>
  <testcase name="testGetProperties" classname="it.io.openliberty.guides.rest.EndpointIT" time="0.375">
    <failure message="Incorrect response code from http://localhost:9080/LibertyProject/ ==&gt; expected: &lt;200&gt; but was: &lt;404&gt;" type="org.opentest4j.AssertionFailedError"><![CDATA[org.opentest4j.AssertionFailedError: Incorrect response code from http://localhost:9080/LibertyProject/ ==> expected: <200> but was: <404>
	at it.io.openliberty.guides.rest.EndpointIT.testGetProperties(EndpointIT.java:54)
]]></failure>
  </testcase>
</testsuite>